This file contains any messages produced by compilers while
running configure, to aid debugging if configure makes a mistake.

It was created by syspub configure 8.1, which was
generated by GNU Autoconf 2.69.  Invocation command line was

  $ ./configure --prefix=/home/com/base

## --------- ##
## Platform. ##
## --------- ##

hostname = VM-0-4-centos
uname -m = x86_64
uname -r = 3.10.0-1127.19.1.el7.x86_64
uname -s = Linux
uname -v = #1 SMP Tue Aug 25 17:23:54 UTC 2020

/usr/bin/uname -p = x86_64
/bin/uname -X     = unknown

/bin/arch              = x86_64
/usr/bin/arch -k       = unknown
/usr/convex/getsysinfo = unknown
/usr/bin/hostinfo      = unknown
/bin/machine           = unknown
/usr/bin/oslevel       = unknown
/bin/universe          = unknown

PATH: /usr/local/bin
PATH: /bin
PATH: /usr/bin
PATH: /usr/local/sbin
PATH: /usr/sbin
PATH: /home/com/.local/bin
PATH: /home/com/bin


## ----------- ##
## Core tests. ##
## ----------- ##

configure:2294: checking for a BSD-compatible install
configure:2362: result: /bin/install -c
configure:2373: checking whether build environment is sane
configure:2428: result: yes
configure:2579: checking for a thread-safe mkdir -p
configure:2618: result: /bin/mkdir -p
configure:2625: checking for gawk
configure:2641: found /bin/gawk
configure:2652: result: gawk
configure:2663: checking whether make sets $(MAKE)
configure:2685: result: yes
configure:2714: checking whether make supports nested variables
configure:2731: result: yes
configure:2879: checking for g++
configure:2895: found /bin/g++
configure:2906: result: g++
configure:2933: checking for C++ compiler version
configure:2942: g++ --version >&5
g++ (GCC) 4.8.5 20150623 (Red Hat 4.8.5-44)
Copyright (C) 2015 Free Software Foundation, Inc.
This is free software; see the source for copying conditions.  There is NO
warranty; not even for MERCHANTABILITY or FITNESS FOR A PARTICULAR PURPOSE.

configure:2953: $? = 0
configure:2942: g++ -v >&5
Using built-in specs.
COLLECT_GCC=g++
COLLECT_LTO_WRAPPER=/usr/libexec/gcc/x86_64-redhat-linux/4.8.5/lto-wrapper
Target: x86_64-redhat-linux
Configured with: ../configure --prefix=/usr --mandir=/usr/share/man --infodir=/usr/share/info --with-bugurl=http://bugzilla.redhat.com/bugzilla --enable-bootstrap --enable-shared --enable-threads=posix --enable-checking=release --with-system-zlib --enable-__cxa_atexit --disable-libunwind-exceptions --enable-gnu-unique-object --enable-linker-build-id --with-linker-hash-style=gnu --enable-languages=c,c++,objc,obj-c++,java,fortran,ada,go,lto --enable-plugin --enable-initfini-array --disable-libgcj --with-isl=/builddir/build/BUILD/gcc-4.8.5-20150702/obj-x86_64-redhat-linux/isl-install --with-cloog=/builddir/build/BUILD/gcc-4.8.5-20150702/obj-x86_64-redhat-linux/cloog-install --enable-gnu-indirect-function --with-tune=generic --with-arch_32=x86-64 --build=x86_64-redhat-linux
Thread model: posix
gcc version 4.8.5 20150623 (Red Hat 4.8.5-44) (GCC) 
configure:2953: $? = 0
configure:2942: g++ -V >&5
g++: error: unrecognized command line option '-V'
g++: fatal error: no input files
compilation terminated.
configure:2953: $? = 4
configure:2942: g++ -qversion >&5
g++: error: unrecognized command line option '-qversion'
g++: fatal error: no input files
compilation terminated.
configure:2953: $? = 4
configure:2973: checking whether the C++ compiler works
configure:2995: g++    conftest.cpp  >&5
configure:2999: $? = 0
configure:3047: result: yes
configure:3050: checking for C++ compiler default output file name
configure:3052: result: a.out
configure:3058: checking for suffix of executables
configure:3065: g++ -o conftest    conftest.cpp  >&5
configure:3069: $? = 0
configure:3091: result: 
configure:3113: checking whether we are cross compiling
configure:3121: g++ -o conftest    conftest.cpp  >&5
configure:3125: $? = 0
configure:3132: ./conftest
configure:3136: $? = 0
configure:3151: result: no
configure:3156: checking for suffix of object files
configure:3178: g++ -c   conftest.cpp >&5
configure:3182: $? = 0
configure:3203: result: o
configure:3207: checking whether we are using the GNU C++ compiler
configure:3226: g++ -c   conftest.cpp >&5
configure:3226: $? = 0
configure:3235: result: yes
configure:3244: checking whether g++ accepts -g
configure:3264: g++ -c -g  conftest.cpp >&5
configure:3264: $? = 0
configure:3305: result: yes
configure:3339: checking for style of include used by make
configure:3367: result: GNU
configure:3393: checking dependency style of g++
configure:3504: result: gcc3
configure:3550: checking build system type
configure:3564: result: x86_64-unknown-linux-gnu
configure:3584: checking host system type
configure:3597: result: x86_64-unknown-linux-gnu
configure:3638: checking how to print strings
configure:3665: result: printf
configure:3734: checking for gcc
configure:3750: found /bin/gcc
configure:3761: result: gcc
configure:3990: checking for C compiler version
configure:3999: gcc --version >&5
gcc (GCC) 4.8.5 20150623 (Red Hat 4.8.5-44)
Copyright (C) 2015 Free Software Foundation, Inc.
This is free software; see the source for copying conditions.  There is NO
warranty; not even for MERCHANTABILITY or FITNESS FOR A PARTICULAR PURPOSE.

configure:4010: $? = 0
configure:3999: gcc -v >&5
Using built-in specs.
COLLECT_GCC=gcc
COLLECT_LTO_WRAPPER=/usr/libexec/gcc/x86_64-redhat-linux/4.8.5/lto-wrapper
Target: x86_64-redhat-linux
Configured with: ../configure --prefix=/usr --mandir=/usr/share/man --infodir=/usr/share/info --with-bugurl=http://bugzilla.redhat.com/bugzilla --enable-bootstrap --enable-shared --enable-threads=posix --enable-checking=release --with-system-zlib --enable-__cxa_atexit --disable-libunwind-exceptions --enable-gnu-unique-object --enable-linker-build-id --with-linker-hash-style=gnu --enable-languages=c,c++,objc,obj-c++,java,fortran,ada,go,lto --enable-plugin --enable-initfini-array --disable-libgcj --with-isl=/builddir/build/BUILD/gcc-4.8.5-20150702/obj-x86_64-redhat-linux/isl-install --with-cloog=/builddir/build/BUILD/gcc-4.8.5-20150702/obj-x86_64-redhat-linux/cloog-install --enable-gnu-indirect-function --with-tune=generic --with-arch_32=x86-64 --build=x86_64-redhat-linux
Thread model: posix
gcc version 4.8.5 20150623 (Red Hat 4.8.5-44) (GCC) 
configure:4010: $? = 0
configure:3999: gcc -V >&5
gcc: error: unrecognized command line option '-V'
gcc: fatal error: no input files
compilation terminated.
configure:4010: $? = 4
configure:3999: gcc -qversion >&5
gcc: error: unrecognized command line option '-qversion'
gcc: fatal error: no input files
compilation terminated.
configure:4010: $? = 4
configure:4014: checking whether we are using the GNU C compiler
configure:4033: gcc -c   conftest.c >&5
configure:4033: $? = 0
configure:4042: result: yes
configure:4051: checking whether gcc accepts -g
configure:4071: gcc -c -g  conftest.c >&5
configure:4071: $? = 0
configure:4112: result: yes
configure:4129: checking for gcc option to accept ISO C89
configure:4192: gcc  -c -g -O2  conftest.c >&5
configure:4192: $? = 0
configure:4205: result: none needed
configure:4227: checking dependency style of gcc
configure:4338: result: gcc3
configure:4353: checking for a sed that does not truncate output
configure:4417: result: /bin/sed
configure:4435: checking for grep that handles long lines and -e
configure:4493: result: /bin/grep
configure:4498: checking for egrep
configure:4560: result: /bin/grep -E
configure:4565: checking for fgrep
configure:4627: result: /bin/grep -F
configure:4662: checking for ld used by gcc
configure:4729: result: /bin/ld
configure:4736: checking if the linker (/bin/ld) is GNU ld
configure:4751: result: yes
configure:4763: checking for BSD- or MS-compatible name lister (nm)
configure:4812: result: /bin/nm -B
configure:4942: checking the name lister (/bin/nm -B) interface
configure:4949: gcc -c -g -O2  conftest.c >&5
configure:4952: /bin/nm -B "conftest.o"
configure:4955: output
0000000000000000 B some_variable
configure:4962: result: BSD nm
configure:4965: checking whether ln -s works
configure:4969: result: yes
configure:4977: checking the maximum length of command line arguments
configure:5107: result: 1572864
configure:5124: checking whether the shell understands some XSI constructs
configure:5134: result: yes
configure:5138: checking whether the shell understands "+="
configure:5144: result: yes
configure:5179: checking how to convert x86_64-unknown-linux-gnu file names to x86_64-unknown-linux-gnu format
configure:5219: result: func_convert_file_noop
configure:5226: checking how to convert x86_64-unknown-linux-gnu file names to toolchain format
configure:5246: result: func_convert_file_noop
configure:5253: checking for /bin/ld option to reload object files
configure:5260: result: -r
configure:5334: checking for objdump
configure:5350: found /bin/objdump
configure:5361: result: objdump
configure:5393: checking how to recognize dependent libraries
configure:5595: result: pass_all
configure:5680: checking for dlltool
configure:5710: result: no
configure:5740: checking how to associate runtime and link libraries
configure:5767: result: printf %s\n
configure:5828: checking for ar
configure:5844: found /bin/ar
configure:5855: result: ar
configure:5892: checking for archiver @FILE support
configure:5909: gcc -c -g -O2  conftest.c >&5
configure:5909: $? = 0
configure:5912: ar cru libconftest.a @conftest.lst >&5
configure:5915: $? = 0
configure:5920: ar cru libconftest.a @conftest.lst >&5
ar: conftest.o: No such file or directory
configure:5923: $? = 1
configure:5935: result: @
configure:5993: checking for strip
configure:6009: found /bin/strip
configure:6020: result: strip
configure:6092: checking for ranlib
configure:6108: found /bin/ranlib
configure:6119: result: ranlib
configure:6221: checking command to parse /bin/nm -B output from gcc object
configure:6341: gcc -c -g -O2  conftest.c >&5
configure:6344: $? = 0
configure:6348: /bin/nm -B conftest.o \| sed -n -e 's/^.*[ ]\([ABCDGIRSTW][ABCDGIRSTW]*\)[ ][ ]*\([_A-Za-z][_A-Za-z0-9]*\)$/\1 \2 \2/p' | sed '/ __gnu_lto/d' \> conftest.nm
configure:6351: $? = 0
configure:6417: gcc -o conftest -g -O2   conftest.c conftstm.o >&5
configure:6420: $? = 0
configure:6458: result: ok
configure:6495: checking for sysroot
configure:6525: result: no
configure:6602: gcc -c -g -O2  conftest.c >&5
configure:6605: $? = 0
configure:6781: checking for mt
configure:6811: result: no
configure:6831: checking if : is a manifest tool
configure:6837: : '-?'
configure:6845: result: no
configure:7487: checking how to run the C preprocessor
configure:7518: gcc -E  conftest.c
configure:7518: $? = 0
configure:7532: gcc -E  conftest.c
conftest.c:11:28: fatal error: ac_nonexistent.h: No such file or directory
 #include <ac_nonexistent.h>
                            ^
compilation terminated.
configure:7532: $? = 1
configure: failed program was:
| /* confdefs.h */
| #define PACKAGE_NAME "syspub"
| #define PACKAGE_TARNAME "syspub"
| #define PACKAGE_VERSION "8.1"
| #define PACKAGE_STRING "syspub 8.1"
| #define PACKAGE_BUGREPORT "zhouc@zctt.com"
| #define PACKAGE_URL ""
| #define PACKAGE "syspub"
| #define VERSION "1.0"
| /* end confdefs.h.  */
| #include <ac_nonexistent.h>
configure:7557: result: gcc -E
configure:7577: gcc -E  conftest.c
configure:7577: $? = 0
configure:7591: gcc -E  conftest.c
conftest.c:11:28: fatal error: ac_nonexistent.h: No such file or directory
 #include <ac_nonexistent.h>
                            ^
compilation terminated.
configure:7591: $? = 1
configure: failed program was:
| /* confdefs.h */
| #define PACKAGE_NAME "syspub"
| #define PACKAGE_TARNAME "syspub"
| #define PACKAGE_VERSION "8.1"
| #define PACKAGE_STRING "syspub 8.1"
| #define PACKAGE_BUGREPORT "zhouc@zctt.com"
| #define PACKAGE_URL ""
| #define PACKAGE "syspub"
| #define VERSION "1.0"
| /* end confdefs.h.  */
| #include <ac_nonexistent.h>
configure:7620: checking for ANSI C header files
configure:7640: gcc -c -g -O2  conftest.c >&5
configure:7640: $? = 0
configure:7713: gcc -o conftest -g -O2   conftest.c  >&5
configure:7713: $? = 0
configure:7713: ./conftest
configure:7713: $? = 0
configure:7724: result: yes
configure:7737: checking for sys/types.h
configure:7737: gcc -c -g -O2  conftest.c >&5
configure:7737: $? = 0
configure:7737: result: yes
configure:7737: checking for sys/stat.h
configure:7737: gcc -c -g -O2  conftest.c >&5
configure:7737: $? = 0
configure:7737: result: yes
configure:7737: checking for stdlib.h
configure:7737: gcc -c -g -O2  conftest.c >&5
configure:7737: $? = 0
configure:7737: result: yes
configure:7737: checking for string.h
configure:7737: gcc -c -g -O2  conftest.c >&5
configure:7737: $? = 0
configure:7737: result: yes
configure:7737: checking for memory.h
configure:7737: gcc -c -g -O2  conftest.c >&5
configure:7737: $? = 0
configure:7737: result: yes
configure:7737: checking for strings.h
configure:7737: gcc -c -g -O2  conftest.c >&5
configure:7737: $? = 0
configure:7737: result: yes
configure:7737: checking for inttypes.h
configure:7737: gcc -c -g -O2  conftest.c >&5
configure:7737: $? = 0
configure:7737: result: yes
configure:7737: checking for stdint.h
configure:7737: gcc -c -g -O2  conftest.c >&5
configure:7737: $? = 0
configure:7737: result: yes
configure:7737: checking for unistd.h
configure:7737: gcc -c -g -O2  conftest.c >&5
configure:7737: $? = 0
configure:7737: result: yes
configure:7751: checking for dlfcn.h
configure:7751: gcc -c -g -O2  conftest.c >&5
configure:7751: $? = 0
configure:7751: result: yes
configure:7968: checking for objdir
configure:7983: result: .libs
configure:8250: checking if gcc supports -fno-rtti -fno-exceptions
configure:8268: gcc -c -g -O2  -fno-rtti -fno-exceptions conftest.c >&5
cc1: warning: command line option '-fno-rtti' is valid for C++/ObjC++ but not for C [enabled by default]
configure:8272: $? = 0
configure:8285: result: no
configure:8612: checking for gcc option to produce PIC
configure:8619: result: -fPIC -DPIC
configure:8627: checking if gcc PIC flag -fPIC -DPIC works
configure:8645: gcc -c -g -O2  -fPIC -DPIC -DPIC conftest.c >&5
configure:8649: $? = 0
configure:8662: result: yes
configure:8691: checking if gcc static flag -static works
configure:8719: result: no
configure:8734: checking if gcc supports -c -o file.o
configure:8755: gcc -c -g -O2  -o out/conftest2.o conftest.c >&5
configure:8759: $? = 0
configure:8781: result: yes
configure:8789: checking if gcc supports -c -o file.o
configure:8836: result: yes
configure:8869: checking whether the gcc linker (/bin/ld -m elf_x86_64) supports shared libraries
configure:10022: result: yes
configure:10059: checking whether -lc should be explicitly linked in
configure:10067: gcc -c -g -O2  conftest.c >&5
configure:10070: $? = 0
configure:10085: gcc -shared  -fPIC -DPIC conftest.o  -v -Wl,-soname -Wl,conftest -o conftest 2\>\&1 \| /bin/grep  -lc  \>/dev/null 2\>\&1
configure:10088: $? = 0
configure:10102: result: no
configure:10262: checking dynamic linker characteristics
configure:10773: gcc -o conftest -g -O2   -Wl,-rpath -Wl,/foo conftest.c  >&5
configure:10773: $? = 0
configure:10999: result: GNU/Linux ld.so
configure:11106: checking how to hardcode library paths into programs
configure:11131: result: immediate
configure:11671: checking whether stripping libraries is possible
configure:11676: result: yes
configure:11711: checking if libtool supports shared libraries
configure:11713: result: yes
configure:11716: checking whether to build shared libraries
configure:11737: result: yes
configure:11740: checking whether to build static libraries
configure:11744: result: yes
configure:11767: checking how to run the C++ preprocessor
configure:11794: g++ -E  conftest.cpp
configure:11794: $? = 0
configure:11808: g++ -E  conftest.cpp
conftest.cpp:23:28: fatal error: ac_nonexistent.h: No such file or directory
 #include <ac_nonexistent.h>
                            ^
compilation terminated.
configure:11808: $? = 1
configure: failed program was:
| /* confdefs.h */
| #define PACKAGE_NAME "syspub"
| #define PACKAGE_TARNAME "syspub"
| #define PACKAGE_VERSION "8.1"
| #define PACKAGE_STRING "syspub 8.1"
| #define PACKAGE_BUGREPORT "zhouc@zctt.com"
| #define PACKAGE_URL ""
| #define PACKAGE "syspub"
| #define VERSION "1.0"
| #define STDC_HEADERS 1
| #define HAVE_SYS_TYPES_H 1
| #define HAVE_SYS_STAT_H 1
| #define HAVE_STDLIB_H 1
| #define HAVE_STRING_H 1
| #define HAVE_MEMORY_H 1
| #define HAVE_STRINGS_H 1
| #define HAVE_INTTYPES_H 1
| #define HAVE_STDINT_H 1
| #define HAVE_UNISTD_H 1
| #define HAVE_DLFCN_H 1
| #define LT_OBJDIR ".libs/"
| /* end confdefs.h.  */
| #include <ac_nonexistent.h>
configure:11833: result: g++ -E
configure:11853: g++ -E  conftest.cpp
configure:11853: $? = 0
configure:11867: g++ -E  conftest.cpp
conftest.cpp:23:28: fatal error: ac_nonexistent.h: No such file or directory
 #include <ac_nonexistent.h>
                            ^
compilation terminated.
configure:11867: $? = 1
configure: failed program was:
| /* confdefs.h */
| #define PACKAGE_NAME "syspub"
| #define PACKAGE_TARNAME "syspub"
| #define PACKAGE_VERSION "8.1"
| #define PACKAGE_STRING "syspub 8.1"
| #define PACKAGE_BUGREPORT "zhouc@zctt.com"
| #define PACKAGE_URL ""
| #define PACKAGE "syspub"
| #define VERSION "1.0"
| #define STDC_HEADERS 1
| #define HAVE_SYS_TYPES_H 1
| #define HAVE_SYS_STAT_H 1
| #define HAVE_STDLIB_H 1
| #define HAVE_STRING_H 1
| #define HAVE_MEMORY_H 1
| #define HAVE_STRINGS_H 1
| #define HAVE_INTTYPES_H 1
| #define HAVE_STDINT_H 1
| #define HAVE_UNISTD_H 1
| #define HAVE_DLFCN_H 1
| #define LT_OBJDIR ".libs/"
| /* end confdefs.h.  */
| #include <ac_nonexistent.h>
configure:12036: checking for ld used by g++
configure:12103: result: /bin/ld -m elf_x86_64
configure:12110: checking if the linker (/bin/ld -m elf_x86_64) is GNU ld
configure:12125: result: yes
configure:12180: checking whether the g++ linker (/bin/ld -m elf_x86_64) supports shared libraries
configure:13185: result: yes
configure:13221: g++ -c -g -O2  conftest.cpp >&5
configure:13224: $? = 0
configure:13744: checking for g++ option to produce PIC
configure:13751: result: -fPIC -DPIC
configure:13759: checking if g++ PIC flag -fPIC -DPIC works
configure:13777: g++ -c -g -O2  -fPIC -DPIC -DPIC conftest.cpp >&5
configure:13781: $? = 0
configure:13794: result: yes
configure:13817: checking if g++ static flag -static works
configure:13845: result: no
configure:13857: checking if g++ supports -c -o file.o
configure:13878: g++ -c -g -O2  -o out/conftest2.o conftest.cpp >&5
configure:13882: $? = 0
configure:13904: result: yes
configure:13909: checking if g++ supports -c -o file.o
configure:13956: result: yes
configure:13986: checking whether the g++ linker (/bin/ld -m elf_x86_64) supports shared libraries
configure:14022: result: yes
configure:14163: checking dynamic linker characteristics
configure:14834: result: GNU/Linux ld.so
configure:14887: checking how to hardcode library paths into programs
configure:14912: result: immediate
configure:15089: checking that generated files are newer than configure
configure:15095: result: done
configure:15122: creating ./config.status

## ---------------------- ##
## Running config.status. ##
## ---------------------- ##

This file was extended by syspub config.status 8.1, which was
generated by GNU Autoconf 2.69.  Invocation command line was

  CONFIG_FILES    = 
  CONFIG_HEADERS  = 
  CONFIG_LINKS    = 
  CONFIG_COMMANDS = 
  $ ./config.status 

on VM-0-4-centos

config.status:1143: creating Makefile
config.status:1143: creating config.h
config.status:1324: config.h is unchanged
config.status:1372: executing depfiles commands
config.status:1372: executing libtool commands

## ---------------- ##
## Cache variables. ##
## ---------------- ##

ac_cv_build=x86_64-unknown-linux-gnu
ac_cv_c_compiler_gnu=yes
ac_cv_cxx_compiler_gnu=yes
ac_cv_env_CCC_set=
ac_cv_env_CCC_value=
ac_cv_env_CC_set=
ac_cv_env_CC_value=
ac_cv_env_CFLAGS_set=
ac_cv_env_CFLAGS_value=
ac_cv_env_CPPFLAGS_set=
ac_cv_env_CPPFLAGS_value=
ac_cv_env_CPP_set=
ac_cv_env_CPP_value=
ac_cv_env_CXXCPP_set=
ac_cv_env_CXXCPP_value=
ac_cv_env_CXXFLAGS_set=
ac_cv_env_CXXFLAGS_value=
ac_cv_env_CXX_set=
ac_cv_env_CXX_value=
ac_cv_env_LDFLAGS_set=
ac_cv_env_LDFLAGS_value=
ac_cv_env_LIBS_set=
ac_cv_env_LIBS_value=
ac_cv_env_build_alias_set=
ac_cv_env_build_alias_value=
ac_cv_env_host_alias_set=
ac_cv_env_host_alias_value=
ac_cv_env_target_alias_set=
ac_cv_env_target_alias_value=
ac_cv_header_dlfcn_h=yes
ac_cv_header_inttypes_h=yes
ac_cv_header_memory_h=yes
ac_cv_header_stdc=yes
ac_cv_header_stdint_h=yes
ac_cv_header_stdlib_h=yes
ac_cv_header_string_h=yes
ac_cv_header_strings_h=yes
ac_cv_header_sys_stat_h=yes
ac_cv_header_sys_types_h=yes
ac_cv_header_unistd_h=yes
ac_cv_host=x86_64-unknown-linux-gnu
ac_cv_objext=o
ac_cv_path_EGREP='/bin/grep -E'
ac_cv_path_FGREP='/bin/grep -F'
ac_cv_path_GREP=/bin/grep
ac_cv_path_SED=/bin/sed
ac_cv_path_install='/bin/install -c'
ac_cv_path_mkdir=/bin/mkdir
ac_cv_prog_AWK=gawk
ac_cv_prog_CPP='gcc -E'
ac_cv_prog_CXXCPP='g++ -E'
ac_cv_prog_ac_ct_AR=ar
ac_cv_prog_ac_ct_CC=gcc
ac_cv_prog_ac_ct_CXX=g++
ac_cv_prog_ac_ct_OBJDUMP=objdump
ac_cv_prog_ac_ct_RANLIB=ranlib
ac_cv_prog_ac_ct_STRIP=strip
ac_cv_prog_cc_c89=
ac_cv_prog_cc_g=yes
ac_cv_prog_cxx_g=yes
ac_cv_prog_make_make_set=yes
am_cv_CC_dependencies_compiler_type=gcc3
am_cv_CXX_dependencies_compiler_type=gcc3
am_cv_make_support_nested_variables=yes
lt_cv_ar_at_file=@
lt_cv_archive_cmds_need_lc=no
lt_cv_deplibs_check_method=pass_all
lt_cv_file_magic_cmd='$MAGIC_CMD'
lt_cv_file_magic_test_file=
lt_cv_ld_reload_flag=-r
lt_cv_nm_interface='BSD nm'
lt_cv_objdir=.libs
lt_cv_path_LD=/bin/ld
lt_cv_path_LDCXX='/bin/ld -m elf_x86_64'
lt_cv_path_NM='/bin/nm -B'
lt_cv_path_mainfest_tool=no
lt_cv_prog_compiler_c_o=yes
lt_cv_prog_compiler_c_o_CXX=yes
lt_cv_prog_compiler_pic='-fPIC -DPIC'
lt_cv_prog_compiler_pic_CXX='-fPIC -DPIC'
lt_cv_prog_compiler_pic_works=yes
lt_cv_prog_compiler_pic_works_CXX=yes
lt_cv_prog_compiler_rtti_exceptions=no
lt_cv_prog_compiler_static_works=no
lt_cv_prog_compiler_static_works_CXX=no
lt_cv_prog_gnu_ld=yes
lt_cv_prog_gnu_ldcxx=yes
lt_cv_sharedlib_from_linklib_cmd='printf %s\n'
lt_cv_shlibpath_overrides_runpath=no
lt_cv_sys_global_symbol_pipe='sed -n -e '\''s/^.*[	 ]\([ABCDGIRSTW][ABCDGIRSTW]*\)[	 ][	 ]*\([_A-Za-z][_A-Za-z0-9]*\)$/\1 \2 \2/p'\'' | sed '\''/ __gnu_lto/d'\'''
lt_cv_sys_global_symbol_to_c_name_address='sed -n -e '\''s/^: \([^ ]*\)[ ]*$/  {\"\1\", (void *) 0},/p'\'' -e '\''s/^[ABCDGIRSTW]* \([^ ]*\) \([^ ]*\)$/  {"\2", (void *) \&\2},/p'\'''
lt_cv_sys_global_symbol_to_c_name_address_lib_prefix='sed -n -e '\''s/^: \([^ ]*\)[ ]*$/  {\"\1\", (void *) 0},/p'\'' -e '\''s/^[ABCDGIRSTW]* \([^ ]*\) \(lib[^ ]*\)$/  {"\2", (void *) \&\2},/p'\'' -e '\''s/^[ABCDGIRSTW]* \([^ ]*\) \([^ ]*\)$/  {"lib\2", (void *) \&\2},/p'\'''
lt_cv_sys_global_symbol_to_cdecl='sed -n -e '\''s/^T .* \(.*\)$/extern int \1();/p'\'' -e '\''s/^[ABCDGIRSTW]* .* \(.*\)$/extern char \1;/p'\'''
lt_cv_sys_max_cmd_len=1572864
lt_cv_to_host_file_cmd=func_convert_file_noop
lt_cv_to_tool_file_cmd=func_convert_file_noop

## ----------------- ##
## Output variables. ##
## ----------------- ##

ACLOCAL='${SHELL} /home/com/base/syspub_unix-master/missing aclocal-1.13'
AMDEPBACKSLASH='\'
AMDEP_FALSE='#'
AMDEP_TRUE=''
AMTAR='$${TAR-tar}'
AM_BACKSLASH='\'
AM_DEFAULT_V='$(AM_DEFAULT_VERBOSITY)'
AM_DEFAULT_VERBOSITY='1'
AM_V='$(V)'
AR='ar'
AUTOCONF='${SHELL} /home/com/base/syspub_unix-master/missing autoconf'
AUTOHEADER='${SHELL} /home/com/base/syspub_unix-master/missing autoheader'
AUTOMAKE='${SHELL} /home/com/base/syspub_unix-master/missing automake-1.13'
AWK='gawk'
CC='gcc'
CCDEPMODE='depmode=gcc3'
CFLAGS='-g -O2'
CPP='gcc -E'
CPPFLAGS=''
CXX='g++'
CXXCPP='g++ -E'
CXXDEPMODE='depmode=gcc3'
CXXFLAGS='-g -O2'
CYGPATH_W='echo'
DEFS='-DHAVE_CONFIG_H'
DEPDIR='.deps'
DLLTOOL='false'
DSYMUTIL=''
DUMPBIN=''
ECHO_C=''
ECHO_N='-n'
ECHO_T=''
EGREP='/bin/grep -E'
EXEEXT=''
FGREP='/bin/grep -F'
GREP='/bin/grep'
INSTALL_DATA='${INSTALL} -m 644'
INSTALL_PROGRAM='${INSTALL}'
INSTALL_SCRIPT='${INSTALL}'
INSTALL_STRIP_PROGRAM='$(install_sh) -c -s'
LD='/bin/ld -m elf_x86_64'
LDFLAGS=''
LIBOBJS=''
LIBS=''
LIBTOOL='$(SHELL) $(top_builddir)/libtool'
LIPO=''
LN_S='ln -s'
LTLIBOBJS=''
MAKEINFO='${SHELL} /home/com/base/syspub_unix-master/missing makeinfo'
MANIFEST_TOOL=':'
MKDIR_P='/bin/mkdir -p'
NM='/bin/nm -B'
NMEDIT=''
OBJDUMP='objdump'
OBJEXT='o'
OTOOL64=''
OTOOL=''
PACKAGE='syspub'
PACKAGE_BUGREPORT='zhouc@zctt.com'
PACKAGE_NAME='syspub'
PACKAGE_STRING='syspub 8.1'
PACKAGE_TARNAME='syspub'
PACKAGE_URL=''
PACKAGE_VERSION='8.1'
PATH_SEPARATOR=':'
RANLIB='ranlib'
SED='/bin/sed'
SET_MAKE=''
SHELL='/bin/sh'
STRIP='strip'
VERSION='1.0'
ac_ct_AR='ar'
ac_ct_CC='gcc'
ac_ct_CXX='g++'
ac_ct_DUMPBIN=''
am__EXEEXT_FALSE=''
am__EXEEXT_TRUE='#'
am__fastdepCC_FALSE='#'
am__fastdepCC_TRUE=''
am__fastdepCXX_FALSE='#'
am__fastdepCXX_TRUE=''
am__include='include'
am__isrc=''
am__leading_dot='.'
am__nodep='_no'
am__quote=''
am__tar='$${TAR-tar} chof - "$$tardir"'
am__untar='$${TAR-tar} xf -'
bindir='${exec_prefix}/bin'
build='x86_64-unknown-linux-gnu'
build_alias=''
build_cpu='x86_64'
build_os='linux-gnu'
build_vendor='unknown'
datadir='${datarootdir}'
datarootdir='${prefix}/share'
docdir='${datarootdir}/doc/${PACKAGE_TARNAME}'
dvidir='${docdir}'
exec_prefix='${prefix}'
host='x86_64-unknown-linux-gnu'
host_alias=''
host_cpu='x86_64'
host_os='linux-gnu'
host_vendor='unknown'
htmldir='${docdir}'
includedir='${prefix}/include'
infodir='${datarootdir}/info'
install_sh='${SHELL} /home/com/base/syspub_unix-master/install-sh'
libdir='${exec_prefix}/lib'
libexecdir='${exec_prefix}/libexec'
localedir='${datarootdir}/locale'
localstatedir='${prefix}/var'
mandir='${datarootdir}/man'
mkdir_p='$(MKDIR_P)'
oldincludedir='/usr/include'
pdfdir='${docdir}'
prefix='/home/com/base'
program_transform_name='s,x,x,'
psdir='${docdir}'
sbindir='${exec_prefix}/sbin'
sharedstatedir='${prefix}/com'
sysconfdir='${prefix}/etc'
target_alias=''

## ----------- ##
## confdefs.h. ##
## ----------- ##

/* confdefs.h */
#define PACKAGE_NAME "syspub"
#define PACKAGE_TARNAME "syspub"
#define PACKAGE_VERSION "8.1"
#define PACKAGE_STRING "syspub 8.1"
#define PACKAGE_BUGREPORT "zhouc@zctt.com"
#define PACKAGE_URL ""
#define PACKAGE "syspub"
#define VERSION "1.0"
#define STDC_HEADERS 1
#define HAVE_SYS_TYPES_H 1
#define HAVE_SYS_STAT_H 1
#define HAVE_STDLIB_H 1
#define HAVE_STRING_H 1
#define HAVE_MEMORY_H 1
#define HAVE_STRINGS_H 1
#define HAVE_INTTYPES_H 1
#define HAVE_STDINT_H 1
#define HAVE_UNISTD_H 1
#define HAVE_DLFCN_H 1
#define LT_OBJDIR ".libs/"

configure: exit 0
